  stdafx.cpp
  Animation.cpp
  Application.cpp
  Console.cpp
  GameScene.cpp
C:\Users\Sunrin\Desktop\2020GamePrograming\5day\Engine\Engine\GameScene.cpp(50,21): warning C4244: '인수': 'float'에서 'int'(으)로 변환하면서 데이터가 손실될 수 있습니다.
C:\Users\Sunrin\Desktop\2020GamePrograming\5day\Engine\Engine\GameScene.cpp(54,22): warning C4244: '인수': 'float'에서 'int'(으)로 변환하면서 데이터가 손실될 수 있습니다.
C:\Users\Sunrin\Desktop\2020GamePrograming\5day\Engine\Engine\GameScene.cpp(57,23): warning C4244: '인수': 'float'에서 'int'(으)로 변환하면서 데이터가 손실될 수 있습니다.
C:\Users\Sunrin\Desktop\2020GamePrograming\5day\Engine\Engine\GameScene.cpp(79,21): warning C4244: '초기화 중': 'float'에서 'int'(으)로 변환하면서 데이터가 손실될 수 있습니다.
  InputManager.cpp
C:\Users\Sunrin\Desktop\2020GamePrograming\5day\Engine\Engine\InputManager.cpp(41,27): warning C4244: '인수': 'LONG'에서 'FLOAT'(으)로 변환하면서 데이터가 손실될 수 있습니다.
C:\Users\Sunrin\Desktop\2020GamePrograming\5day\Engine\Engine\InputManager.cpp(41,22): warning C4244: '인수': 'LONG'에서 'FLOAT'(으)로 변환하면서 데이터가 손실될 수 있습니다.
  main.cpp
  MainScene.cpp
  Object.cpp
C:\Users\Sunrin\Desktop\2020GamePrograming\5day\Engine\Engine\Object.cpp(59,17): warning C4244: '+=': 'FLOAT'에서 'LONG'(으)로 변환하면서 데이터가 손실될 수 있습니다.
C:\Users\Sunrin\Desktop\2020GamePrograming\5day\Engine\Engine\Object.cpp(60,19): warning C4244: '+=': 'FLOAT'에서 'LONG'(으)로 변환하면서 데이터가 손실될 수 있습니다.
C:\Users\Sunrin\Desktop\2020GamePrograming\5day\Engine\Engine\Object.cpp(61,17): warning C4244: '+=': 'FLOAT'에서 'LONG'(으)로 변환하면서 데이터가 손실될 수 있습니다.
C:\Users\Sunrin\Desktop\2020GamePrograming\5day\Engine\Engine\Object.cpp(62,20): warning C4244: '+=': 'FLOAT'에서 'LONG'(으)로 변환하면서 데이터가 손실될 수 있습니다.
C:\Users\Sunrin\Desktop\2020GamePrograming\5day\Engine\Engine\Object.cpp(89,12): warning C4244: 'return': 'FLOAT'에서 'int'(으)로 변환하면서 데이터가 손실될 수 있습니다.
C:\Users\Sunrin\Desktop\2020GamePrograming\5day\Engine\Engine\Object.cpp(93,12): warning C4244: 'return': 'FLOAT'에서 'int'(으)로 변환하면서 데이터가 손실될 수 있습니다.
C:\Users\Sunrin\Desktop\2020GamePrograming\5day\Engine\Engine\Object.cpp(101,10): warning C4244: '=': 'int'에서 'FLOAT'(으)로 변환하면서 데이터가 손실될 수 있습니다.
C:\Users\Sunrin\Desktop\2020GamePrograming\5day\Engine\Engine\Object.cpp(102,10): warning C4244: '=': 'int'에서 'FLOAT'(으)로 변환하면서 데이터가 손실될 수 있습니다.
  Scene.cpp
  SceneManager.cpp
  SoundManager.cpp
  Sprite.cpp
C:\Users\Sunrin\Desktop\2020GamePrograming\5day\Engine\Engine\Sprite.cpp(39,48): warning C4244: '인수': 'int'에서 'FLOAT'(으)로 변환하면서 데이터가 손실될 수 있습니다.
C:\Users\Sunrin\Desktop\2020GamePrograming\5day\Engine\Engine\Sprite.cpp(39,35): warning C4244: '인수': 'int'에서 'FLOAT'(으)로 변환하면서 데이터가 손실될 수 있습니다.
  TextureManager.cpp
  코드를 생성하고 있습니다...
LINK : fatal error LNK1104: 'd3dx9.lib' 파일을 열 수 없습니다.
